<html>
<body>
<pre>
<h1>Vision Build Log</h1>
<h2>Project:</h2>
E:\制版成功\YL-78 1路继电器模块(带隔离)\YL-78 1路继电器资料\继电器测试程序\1.uvproj
Project File Date:  07/21/2012

<h2>Output:</h2>
Build target 'Target 1'
assembling STARTUP.A51...
compiling 1.c...
1.C(2): error C141: syntax error near '/'
Target not created
Build target 'Target 1'
assembling STARTUP.A51...
compiling 1.c...
1.C(2): error C141: syntax error near '/'
Target not created
Build target 'Target 1'
assembling STARTUP.A51...
compiling 1.c...
1.C(2): error C141: syntax error near '/'
Target not created
Build target 'Target 1'
assembling STARTUP.A51...
compiling 1.c...
linking...
Program Size: data=10.0 xdata=0 code=64
creating hex file from "51测试程序"...
"51测试程序" - 0 Error(s), 0 Warning(s).
Build target 'Target 1'
assembling STARTUP.A51...
compiling 1.c...
linking...
Program Size: data=10.0 xdata=0 code=64
creating hex file from "51测试程序"...
"51测试程序" - 0 Error(s), 0 Warning(s).
Build target 'Target 1'
assembling STARTUP.A51...
compiling 1.c...
linking...
Program Size: data=10.0 xdata=0 code=64
creating hex file from "51测试程序"...
"51测试程序" - 0 Error(s), 0 Warning(s).
Build target 'Target 1'
assembling STARTUP.A51...
compiling 1.c...
linking...
Program Size: data=10.0 xdata=0 code=64
creating hex file from "51测试程序"...
"51测试程序" - 0 Error(s), 0 Warning(s).
Build target 'Target 1'
assembling STARTUP.A51...
compiling 1.c...
linking...
Program Size: data=10.0 xdata=0 code=64
creating hex file from "51测试程序"...
"51测试程序" - 0 Error(s), 0 Warning(s).
